<?xml version="1.0" encoding="UTF-8"?>
<testsuite xmlns:xsi="http://www.w3.org/2001/XMLSchema-instance" xsi:noNamespaceSchemaLocation="https://maven.apache.org/surefire/maven-surefire-plugin/xsd/surefire-test-report-3.0.xsd" version="3.0" name="com.sc.crmate.samlauth.SamlauthApplicationTest" time="5.91" tests="1" errors="0" skipped="0" failures="0">
  <properties>
[...]
</properties>
  <testcase name="contextLoads" classname="com.sc.crmate.samlauth.SamlauthApplicationTest" time="0.711">
    <system-out><![CDATA[11:08:23.828 [main] INFO org.springframework.test.context.support.AnnotationConfigContextLoaderUtils -- Could not detect default configuration classes for test class [com.sc.crmate.samlauth.SamlauthApplicationTest]: SamlauthApplicationTest does not declare any static, non-private, non-final, nested classes annotated with @Configuration.
11:08:23.938 [main] INFO org.springframework.boot.test.context.SpringBootTestContextBootstrapper -- Found @SpringBootConfiguration com.sc.crmate.samlauth.SamlauthApplication for test class com.sc.crmate.samlauth.SamlauthApplicationTest

  .   ____          _            __ _ _
 /\\ / ___'_ __ _ _(_)_ __  __ _ \ \ \ \
( ( )\___ | '_ | '_| | '_ \/ _` | \ \ \ \
 \\/  ___)| |_)| | | | | || (_| |  ) ) ) )
  '  |____| .__|_| |_|_| |_\__, | / / / /
 =========|_|==============|___/=/_/_/_/
 :: Spring Boot ::                (v3.1.5)

2024-02-20T11:08:24.424+05:30  INFO 16632 --- [           main] c.s.c.samlauth.SamlauthApplicationTest   : Starting SamlauthApplicationTest using Java 17.0.7 with PID 16632 (started by Amit Mahajan in D:\work\security-projects-okta)
2024-02-20T11:08:24.426+05:30  INFO 16632 --- [           main] c.s.c.samlauth.SamlauthApplicationTest   : No active profile set, falling back to 1 default profile: "default"
2024-02-20T11:08:25.375+05:30 TRACE 16632 --- [           main] eGlobalAuthenticationAutowiredConfigurer : Eagerly initializing {securityConfiguration=com.sc.crmate.samlauth.SecurityConfiguration$$SpringCGLIB$$0@367f0121}
2024-02-20T11:08:25.379+05:30 DEBUG 16632 --- [           main] swordEncoderAuthenticationManagerBuilder : No authenticationProviders and no parentAuthenticationManager defined. Returning null.
2024-02-20T11:08:25.480+05:30 TRACE 16632 --- [           main] o.s.s.s.c.OpenSamlInitializationService  : Initializing OpenSAML
2024-02-20T11:08:25.481+05:30  INFO 16632 --- [           main] o.o.core.config.InitializationService    : Initializing OpenSAML using the Java Services API
2024-02-20T11:08:26.290+05:30  INFO 16632 --- [           main] o.o.xmlsec.algorithm.AlgorithmRegistry   : Algorithm failed runtime support check, will not be usable: http://www.w3.org/2001/04/xmlenc#ripemd160
2024-02-20T11:08:26.296+05:30  INFO 16632 --- [           main] o.o.xmlsec.algorithm.AlgorithmRegistry   : Algorithm failed runtime support check, will not be usable: http://www.w3.org/2001/04/xmldsig-more#hmac-ripemd160
2024-02-20T11:08:26.309+05:30  INFO 16632 --- [           main] o.o.xmlsec.algorithm.AlgorithmRegistry   : Algorithm failed runtime support check, will not be usable: http://www.w3.org/2001/04/xmldsig-more#rsa-ripemd160
2024-02-20T11:08:26.941+05:30 DEBUG 16632 --- [           main] o.s.s.s.c.OpenSamlInitializationService  : Initialized OpenSAML
2024-02-20T11:08:28.364+05:30 DEBUG 16632 --- [           main] o.s.s.s.c.OpenSamlInitializationService  : Refused to re-initialize OpenSAML
2024-02-20T11:08:28.406+05:30 DEBUG 16632 --- [           main] o.s.s.s.c.OpenSamlInitializationService  : Refused to re-initialize OpenSAML
2024-02-20T11:08:28.416+05:30 DEBUG 16632 --- [           main] o.s.s.s.c.OpenSamlInitializationService  : Refused to re-initialize OpenSAML
2024-02-20T11:08:28.430+05:30 DEBUG 16632 --- [           main] o.s.s.s.c.OpenSamlInitializationService  : Refused to re-initialize OpenSAML
2024-02-20T11:08:28.434+05:30 DEBUG 16632 --- [           main] o.s.s.s.c.OpenSamlInitializationService  : Refused to re-initialize OpenSAML
2024-02-20T11:08:28.436+05:30 DEBUG 16632 --- [           main] o.s.s.s.c.OpenSamlInitializationService  : Refused to re-initialize OpenSAML
2024-02-20T11:08:28.437+05:30 DEBUG 16632 --- [           main] o.s.s.s.c.OpenSamlInitializationService  : Refused to re-initialize OpenSAML
2024-02-20T11:08:28.440+05:30 DEBUG 16632 --- [           main] o.s.s.s.c.OpenSamlInitializationService  : Refused to re-initialize OpenSAML
2024-02-20T11:08:28.443+05:30 DEBUG 16632 --- [           main] o.s.s.s.c.OpenSamlInitializationService  : Refused to re-initialize OpenSAML
2024-02-20T11:08:28.445+05:30  INFO 16632 --- [           main] o.s.s.web.DefaultSecurityFilterChain     : Will secure any request with [org.springframework.security.web.session.DisableEncodeUrlFilter@5cd71ee2, org.springframework.security.web.context.request.async.WebAsyncManagerIntegrationFilter@3dad535f, org.springframework.security.web.context.SecurityContextHolderFilter@45849604, org.springframework.security.web.header.HeaderWriterFilter@653e7b, org.springframework.security.saml2.provider.service.web.authentication.logout.Saml2LogoutRequestFilter@3eb0fd88, org.springframework.security.saml2.provider.service.web.authentication.logout.Saml2LogoutResponseFilter@4cadd4d4, org.springframework.security.web.authentication.logout.LogoutFilter@41f40dfa, org.springframework.security.web.authentication.logout.LogoutFilter@2cacb445, org.springframework.security.saml2.provider.service.web.Saml2WebSsoAuthenticationRequestFilter@3cf06a01, org.springframework.security.saml2.provider.service.web.Saml2MetadataFilter@5f67181f, org.springframework.security.saml2.provider.service.web.authentication.Saml2WebSsoAuthenticationFilter@87220f1, org.springframework.security.web.authentication.ui.DefaultLoginPageGeneratingFilter@31fe0ce5, org.springframework.security.web.authentication.ui.DefaultLogoutPageGeneratingFilter@1169fdfd, org.springframework.security.web.savedrequest.RequestCacheAwareFilter@25823192, org.springframework.security.web.servletapi.SecurityContextHolderAwareRequestFilter@5be69f7e, org.springframework.security.web.authentication.AnonymousAuthenticationFilter@75add13c, org.springframework.security.web.access.ExceptionTranslationFilter@78fb72cb, org.springframework.security.web.access.intercept.AuthorizationFilter@30133a11]
2024-02-20T11:08:28.676+05:30  INFO 16632 --- [           main] o.s.b.a.w.s.WelcomePageHandlerMapping    : Adding welcome page template: index
2024-02-20T11:08:28.856+05:30  INFO 16632 --- [           main] c.s.c.samlauth.SamlauthApplicationTest   : Started SamlauthApplicationTest in 4.747 seconds (process running for 5.645)
]]></system-out>
  </testcase>
</testsuite>